<?xml version="1.0" encoding="UTF-8"?>
<testng-results skipped="0" failed="0" ignored="0" total="1" passed="1">
  <reporter-output>
  </reporter-output>
  <suite name="Default suite" duration-ms="19285" started-at="2019-10-11T12:27:52Z" finished-at="2019-10-11T12:28:11Z">
    <groups>
    </groups>
    <test name="Default test" duration-ms="19285" started-at="2019-10-11T12:27:52Z" finished-at="2019-10-11T12:28:11Z">
      <class name="TestAutomation.PHPTravlels.TourSearchTestCase">
        <test-method status="PASS" signature="TourSearch()[pri:0, instance:TestAutomation.PHPTravlels.TourSearchTestCase@523884b2]" name="TourSearch" duration-ms="19248" started-at="2019-10-11T17:57:52Z" finished-at="2019-10-11T17:58:11Z">
          <reporter-output>
          </reporter-output>
        </test-method> <!-- TourSearch -->
      </class> <!-- TestAutomation.PHPTravlels.TourSearchTestCase -->
    </test> <!-- Default test -->
  </suite> <!-- Default suite -->
</testng-results>
